Flow report for SCHKUZ002_Lab2
Wed Mar 16 16:04:51 2016
Quartus II Version 9.1 Build 304 01/25/2010 Service Pack 1 SJ Web Edition


---------------------
; Table of Contents ;
---------------------
  1. Legal Notice
  2. Flow Summary
  3. Flow Settings
  4. Flow Non-Default Global Settings
  5. Flow Elapsed Time
  6. Flow OS Summary
  7. Flow Log



----------------
; Legal Notice ;
----------------
Copyright (C) 1991-2010 Altera Corporation
Your use of Altera Corporation's design tools, logic functions 
and other software and tools, and its AMPP partner logic 
functions, and any output files from any of the foregoing 
(including device programming or simulation files), and any 
associated documentation or information are expressly subject 
to the terms and conditions of the Altera Program License 
Subscription Agreement, Altera MegaCore Function License 
Agreement, or other applicable license agreement, including, 
without limitation, that your use is for the sole purpose of 
programming logic devices manufactured by Altera and sold by 
Altera or its authorized distributors.  Please refer to the 
applicable agreement for further details.



+------------------------------------------------------------------------+
; Flow Summary                                                           ;
+-------------------------+----------------------------------------------+
; Flow Status             ; Successful - Wed Mar 16 16:04:51 2016        ;
; Quartus II Version      ; 9.1 Build 304 01/25/2010 SP 1 SJ Web Edition ;
; Revision Name           ; SCHKUZ002_Lab2                               ;
; Top-level Entity Name   ; SCHKUZ002_Lab2_2                             ;
; Family                  ; Cyclone                                      ;
; Device                  ; EP1C12F324C8                                 ;
; Timing Models           ; Final                                        ;
; Met timing requirements ; Yes                                          ;
; Total logic elements    ; 1 / 12,060 ( < 1 % )                         ;
; Total pins              ; 4 / 249 ( 2 % )                              ;
; Total virtual pins      ; 0                                            ;
; Total memory bits       ; 0 / 239,616 ( 0 % )                          ;
; Total PLLs              ; 0 / 2 ( 0 % )                                ;
+-------------------------+----------------------------------------------+


+-----------------------------------------+
; Flow Settings                           ;
+-------------------+---------------------+
; Option            ; Setting             ;
+-------------------+---------------------+
; Start date & time ; 03/16/2016 16:04:43 ;
; Main task         ; Compilation         ;
; Revision Name     ; SCHKUZ002_Lab2      ;
+-------------------+---------------------+


+--------------------------------------------------------------------------------------------------------------------------+
; Flow Non-Default Global Settings                                                                                         ;
+------------------------------------+--------------------------------+----------------+------------------+----------------+
; Assignment Name                    ; Value                          ; Default Value  ; Entity Name      ; Section Id     ;
+------------------------------------+--------------------------------+----------------+------------------+----------------+
; COMPILER_SIGNATURE_ID              ; 93179165197409.145813708305880 ; --             ; --               ; --             ;
; MAX_CORE_JUNCTION_TEMP             ; 85                             ; --             ; --               ; --             ;
; MIN_CORE_JUNCTION_TEMP             ; 0                              ; --             ; --               ; --             ;
; MISC_FILE                          ; F:/Digitals/SCHKUZ002_Lab2.dpf ; --             ; --               ; --             ;
; PARTITION_COLOR                    ; 16764057                       ; --             ; SCHKUZ002_Lab2_2 ; Top            ;
; PARTITION_NETLIST_TYPE             ; SOURCE                         ; --             ; SCHKUZ002_Lab2_2 ; Top            ;
; TOP_LEVEL_ENTITY                   ; SCHKUZ002_Lab2_2               ; SCHKUZ002_Lab2 ; --               ; --             ;
; USE_GENERATED_PHYSICAL_CONSTRAINTS ; Off                            ; --             ; --               ; eda_blast_fpga ;
+------------------------------------+--------------------------------+----------------+------------------+----------------+


+-----------------------------------------------------------------------------------------------------------------------------+
; Flow Elapsed Time                                                                                                           ;
+-------------------------+--------------+-------------------------+---------------------+------------------------------------+
; Module Name             ; Elapsed Time ; Average Processors Used ; Peak Virtual Memory ; Total CPU Time (on all processors) ;
+-------------------------+--------------+-------------------------+---------------------+------------------------------------+
; Analysis & Synthesis    ; 00:00:02     ; 1.0                     ; 220 MB              ; 00:00:01                           ;
; Fitter                  ; 00:00:02     ; 1.0                     ; 215 MB              ; 00:00:01                           ;
; Assembler               ; 00:00:01     ; 1.0                     ; 200 MB              ; 00:00:01                           ;
; Classic Timing Analyzer ; 00:00:00     ; 1.0                     ; 146 MB              ; 00:00:00                           ;
; Total                   ; 00:00:05     ; --                      ; --                  ; 00:00:03                           ;
+-------------------------+--------------+-------------------------+---------------------+------------------------------------+


+------------------------------------------------------------------------------------------+
; Flow OS Summary                                                                          ;
+-------------------------+------------------+---------------+------------+----------------+
; Module Name             ; Machine Hostname ; OS Name       ; OS Version ; Processor type ;
+-------------------------+------------------+---------------+------------+----------------+
; Analysis & Synthesis    ; EBEDIGI012       ; Windows Vista ; 6.1        ; x86_64         ;
; Fitter                  ; EBEDIGI012       ; Windows Vista ; 6.1        ; x86_64         ;
; Assembler               ; EBEDIGI012       ; Windows Vista ; 6.1        ; x86_64         ;
; Classic Timing Analyzer ; EBEDIGI012       ; Windows Vista ; 6.1        ; x86_64         ;
+-------------------------+------------------+---------------+------------+----------------+


------------
; Flow Log ;
------------
quartus_map --read_settings_files=on --write_settings_files=off SCHKUZ002_Lab2 -c SCHKUZ002_Lab2
quartus_fit --read_settings_files=off --write_settings_files=off SCHKUZ002_Lab2 -c SCHKUZ002_Lab2
quartus_asm --read_settings_files=off --write_settings_files=off SCHKUZ002_Lab2 -c SCHKUZ002_Lab2
quartus_tan --read_settings_files=off --write_settings_files=off SCHKUZ002_Lab2 -c SCHKUZ002_Lab2 --timing_analysis_only



